[35m[Appium][39m Welcome to Appium v1.22.3
[35m[Appium][39m Non-default server args:
[35m[Appium][39m   port: 56231
[35m[Appium][39m   loglevel: info
[35m[Appium][39m   tmpDir: C:\Users\USER\AppData\Local\Temp\\Katalon\Appium\Temp1686804603556
[35m[Appium][39m   chromedriverPort: 56232
[35m[Appium][39m Deprecated server args:
[35m[Appium][39m   [31m--chromedriver-port[39m => --default-capabilities
[35m[Appium][39m Default capabilities, which will be added to each request unless overridden by desired capabilities:
[35m[Appium][39m   chromedriverPort: 56232
[35m[Appium][39m Appium REST http interface listener started on 0.0.0.0:56231
[35m[HTTP][39m [37m-->[39m [37mGET[39m [37m/wd/hub/status[39m
[35m[HTTP][39m [90m{}[39m
[35m[HTTP][39m [37m<-- GET /wd/hub/status [39m[32m200[39m [90m17 ms - 68[39m
[35m[HTTP][39m [90m[39m
[35m[HTTP][39m [37m-->[39m [37mGET[39m [37m/wd/hub/status[39m
[35m[HTTP][39m [90m{}[39m
[35m[HTTP][39m [37m<-- GET /wd/hub/status [39m[32m200[39m [90m2 ms - 68[39m
[35m[HTTP][39m [90m[39m
[35m[HTTP][39m [37m-->[39m [37mPOST[39m [37m/wd/hub/session[39m
[35m[HTTP][39m [90m{"desiredCapabilities":{"app":"C:\\Users\\USER\\Downloads\\Calculator_v8.1 (403424005)_apkpure.com.apk","noReset":true,"deviceName":"realme RMX3516 (Android 12)","fullReset":false,"platform":"ANDROID","newCommandTimeout":1800,"platformVersion":"12","automationName":"uiautomator2","autoGrantPermissions":true,"platformName":"Android","udid":"0L52223V21104924","systemPort":56283},"capabilities":{"firstMatch":[{"appium:app":"C:\\Users\\USER\\Downloads\\Calculator_v8.1 (403424005)_apkpure.com.apk","appium:autoGrantPermissions":true,"appium:automationName":"uiautomator2","appium:deviceName":"realme RMX3516 (Android 12)","appium:fullReset":false,"appium:newCommandTimeout":1800,"appium:noReset":true,"platform":"ANDROID","platformName":"android","appium:platformVersion":"12","appium:systemPort":56283,"appium:udid":"0L52223V21104924"}]}}[39m
[35m[BaseDriver][39m The following capabilities are not standard capabilities and should have an extension prefix:
[35m[BaseDriver][39m   platform
[35m[BaseDriver][39m   chromedriverPort
[35m[Appium][39m Appium v1.22.3 creating new AndroidUiautomator2Driver (v1.70.1) session
[35m[BaseDriver][39m The following capabilities were provided, but are not recognized by Appium:
[35m[BaseDriver][39m   platform
[35m[BaseDriver][39m Session created with session id: 730c727a-1ba3-409d-ae8e-c90ee95fd79c
[35m[BaseDriver][39m Using local app 'C:\Users\USER\Downloads\Calculator_v8.1 (403424005)_apkpure.com.apk'
[35m[ADB][39m Found 1 'build-tools' folders under 'F:\android-sdk-windows' (newest first):
[35m[ADB][39m     F:/android-sdk-windows/build-tools/android-13
[35m[ADB][39m Using 'adb.exe' from 'F:\android-sdk-windows\platform-tools\adb.exe'
[35m[AndroidDriver][39m Retrieving device list
[35m[AndroidDriver][39m Using device: 0L52223V21104924
[35m[ADB][39m Using 'adb.exe' from 'F:\android-sdk-windows\platform-tools\adb.exe'
[35m[ADB][39m Getting device platform version
[35m[UiAutomator2][39m Relaxing hidden api policy
[35m[ADB][39m Package name: 'com.google.android.calculator'
[35m[ADB][39m Main activity name: 'com.android.calculator2.Calculator'
[35m[ADB][39m Using 'apksigner.jar' from 'F:\android-sdk-windows\build-tools\android-13\lib\apksigner.jar'
[35m[ADB][39m 'C:\Users\USER\AppData\Roaming\npm\node_modules\appium\node_modules\appium-uiautomator2-server\apks\appium-uiautomator2-server-v4.27.0.apk' is signed with the default certificate
[35m[ADB][39m 'C:\Users\USER\AppData\Roaming\npm\node_modules\appium\node_modules\appium-uiautomator2-server\apks\appium-uiautomator2-server-debug-androidTest.apk' is signed with the default certificate
[35m[UiAutomator2][39m Server packages are not going to be (re)installed
[35m[ADB][39m Adding packages ["io.appium.settings","io.appium.uiautomator2.server","io.appium.uiautomator2.server.test"] to Doze whitelist
[35m[ADB][39m 'C:\Users\USER\Downloads\Calculator_v8.1 (403424005)_apkpure.com.apk' is signed with a non-default certificate
[35m[UiAutomator2][39m Starting UIAutomator2 server 4.27.0
[35m[UiAutomator2][39m Using UIAutomator2 server from 'C:\Users\USER\AppData\Roaming\npm\node_modules\appium\node_modules\appium-uiautomator2-server\apks\appium-uiautomator2-server-v4.27.0.apk' and test from 'C:\Users\USER\AppData\Roaming\npm\node_modules\appium\node_modules\appium-uiautomator2-server\apks\appium-uiautomator2-server-debug-androidTest.apk'
[35m[UiAutomator2][39m Waiting up to 30000ms for UiAutomator2 to be online...
[35m[WD Proxy][39m socket hang up
[35m[WD Proxy][39m socket hang up
[35m[WD Proxy][39m socket hang up
[35m[WD Proxy][39m socket hang up
[35m[WD Proxy][39m socket hang up
[35m[WD Proxy][39m socket hang up
[35m[WD Proxy][39m socket hang up
[35m[WD Proxy][39m Determined the downstream protocol as 'W3C'
[35m[AndroidDriver][39m Screen already unlocked, doing nothing
[35m[UiAutomator2][39m Starting 'com.google.android.calculator/com.android.calculator2.Calculator and waiting for 'com.google.android.calculator/com.android.calculator2.Calculator'
[35m[Appium][39m New AndroidUiautomator2Driver session created successfully, session 730c727a-1ba3-409d-ae8e-c90ee95fd79c added to master session list
[35m[HTTP][39m [37m<-- POST /wd/hub/session [39m[32m200[39m [90m27168 ms - 1322[39m
[35m[HTTP][39m [90m[39m
[35m[HTTP][39m [37m-->[39m [37mGET[39m [37m/wd/hub/session/730c727a-1ba3-409d-ae8e-c90ee95fd79c[39m
[35m[HTTP][39m [90m{}[39m
[35m[HTTP][39m [37m<-- GET /wd/hub/session/730c727a-1ba3-409d-ae8e-c90ee95fd79c [39m[32m200[39m [90m14 ms - 1276[39m
[35m[HTTP][39m [90m[39m
[35m[HTTP][39m [37m-->[39m [37mGET[39m [37m/wd/hub/session/730c727a-1ba3-409d-ae8e-c90ee95fd79c[39m
[35m[HTTP][39m [90m{}[39m
[35m[HTTP][39m [37m<-- GET /wd/hub/session/730c727a-1ba3-409d-ae8e-c90ee95fd79c [39m[32m200[39m [90m15 ms - 1276[39m
[35m[HTTP][39m [90m[39m
[35m[HTTP][39m [37m-->[39m [37mGET[39m [37m/wd/hub/status[39m
[35m[HTTP][39m [90m{}[39m
[35m[HTTP][39m [37m<-- GET /wd/hub/status [39m[32m200[39m [90m3 ms - 68[39m
[35m[HTTP][39m [90m[39m
[35m[HTTP][39m [37m-->[39m [37mPOST[39m [37m/wd/hub/session/730c727a-1ba3-409d-ae8e-c90ee95fd79c/timeouts[39m
[35m[HTTP][39m [90m{"implicit":60000}[39m
[35m[HTTP][39m [37m<-- POST /wd/hub/session/730c727a-1ba3-409d-ae8e-c90ee95fd79c/timeouts [39m[32m200[39m [90m8 ms - 14[39m
[35m[HTTP][39m [90m[39m
[35m[HTTP][39m [37m-->[39m [37mGET[39m [37m/wd/hub/session/730c727a-1ba3-409d-ae8e-c90ee95fd79c/source[39m
[35m[HTTP][39m [90m{}[39m
[35m[W3C (730c727a)][39m Driver proxy active, passing request on via HTTP proxy
[35m[WD Proxy][39m Replacing sessionId 3dc1b1f6-d049-4ea7-85b0-864b42980435 with 730c727a-1ba3-409d-ae8e-c90ee95fd79c
[35m[HTTP][39m [37m<-- GET /wd/hub/session/730c727a-1ba3-409d-ae8e-c90ee95fd79c/source [39m[32m200[39m [90m116 ms - 20099[39m
[35m[HTTP][39m [90m[39m
[35m[HTTP][39m [37m-->[39m [37mGET[39m [37m/wd/hub/session/730c727a-1ba3-409d-ae8e-c90ee95fd79c/screenshot[39m
[35m[HTTP][39m [90m{}[39m
[35m[HTTP][39m [37m<-- GET /wd/hub/session/730c727a-1ba3-409d-ae8e-c90ee95fd79c/screenshot [39m[32m200[39m [90m651 ms - 166370[39m
[35m[HTTP][39m [90m[39m
[35m[HTTP][39m [37m-->[39m [37mGET[39m [37m/wd/hub/session/730c727a-1ba3-409d-ae8e-c90ee95fd79c/source[39m
[35m[HTTP][39m [90m{}[39m
[35m[W3C (730c727a)][39m Driver proxy active, passing request on via HTTP proxy
[35m[WD Proxy][39m Replacing sessionId 3dc1b1f6-d049-4ea7-85b0-864b42980435 with 730c727a-1ba3-409d-ae8e-c90ee95fd79c
[35m[HTTP][39m [37m<-- GET /wd/hub/session/730c727a-1ba3-409d-ae8e-c90ee95fd79c/source [39m[32m200[39m [90m198 ms - 20099[39m
[35m[HTTP][39m [90m[39m
[35m[HTTP][39m [37m-->[39m [37mGET[39m [37m/wd/hub/session/730c727a-1ba3-409d-ae8e-c90ee95fd79c/screenshot[39m
[35m[HTTP][39m [90m{}[39m
[35m[HTTP][39m [37m<-- GET /wd/hub/session/730c727a-1ba3-409d-ae8e-c90ee95fd79c/screenshot [39m[32m200[39m [90m571 ms - 166712[39m
[35m[HTTP][39m [90m[39m
[35m[HTTP][39m [37m-->[39m [37mPOST[39m [37m/wd/hub/session/730c727a-1ba3-409d-ae8e-c90ee95fd79c/elements[39m
[35m[HTTP][39m [90m{"using":"xpath","value":"//*[@class = 'android.widget.Button' and (@text = 'AC' or . = 'AC') and @resource-id = 'com.google.android.calculator:id/clr']"}[39m
[35m[HTTP][39m [37m<-- POST /wd/hub/session/730c727a-1ba3-409d-ae8e-c90ee95fd79c/elements [39m[32m200[39m [90m540 ms - 139[39m
[35m[HTTP][39m [90m[39m
[35m[HTTP][39m [37m-->[39m [37mDELETE[39m [37m/wd/hub/session/730c727a-1ba3-409d-ae8e-c90ee95fd79c[39m
[35m[HTTP][39m [90m{}[39m
[35m[Appium][39m Removing session 730c727a-1ba3-409d-ae8e-c90ee95fd79c from our master session list
[35m[UiAutomator2][39m Restoring hidden api policy to the device default configuration
[35m[HTTP][39m [37m<-- DELETE /wd/hub/session/730c727a-1ba3-409d-ae8e-c90ee95fd79c [39m[32m200[39m [90m624 ms - 14[39m
[35m[HTTP][39m [90m[39m
