[35m[Appium][39m Welcome to Appium v1.22.3
[35m[Appium][39m Non-default server args:
[35m[Appium][39m   port: 54348
[35m[Appium][39m   loglevel: info
[35m[Appium][39m   tmpDir: C:\Users\USER\AppData\Local\Temp\\Katalon\Appium\Temp1687692240268
[35m[Appium][39m   chromedriverPort: 54349
[35m[Appium][39m Deprecated server args:
[35m[Appium][39m   [31m--chromedriver-port[39m => --default-capabilities
[35m[Appium][39m Default capabilities, which will be added to each request unless overridden by desired capabilities:
[35m[Appium][39m   chromedriverPort: 54349
[35m[Appium][39m Appium REST http interface listener started on 0.0.0.0:54348
[35m[HTTP][39m [37m-->[39m [37mGET[39m [37m/wd/hub/status[39m
[35m[HTTP][39m [90m{}[39m
[35m[HTTP][39m [37m<-- GET /wd/hub/status [39m[32m200[39m [90m15 ms - 68[39m
[35m[HTTP][39m [90m[39m
[35m[HTTP][39m [37m-->[39m [37mGET[39m [37m/wd/hub/status[39m
[35m[HTTP][39m [90m{}[39m
[35m[HTTP][39m [37m<-- GET /wd/hub/status [39m[32m200[39m [90m3 ms - 68[39m
[35m[HTTP][39m [90m[39m
[35m[HTTP][39m [37m-->[39m [37mPOST[39m [37m/wd/hub/session[39m
[35m[HTTP][39m [90m{"desiredCapabilities":{"appPackage":"com.android.settings","appWaitActivity":"*","deviceId":"0L52223V21104924","deviceName":"realme RMX3516 (Android 12)","platform":"ANDROID","appActivity":".Settings","newCommandTimeout":1800,"adbExecTimeout":"600000","platformVersion":"12","automationName":"uiautomator2","autoGrantPermissions":true,"platformName":"Android","udid":"0L52223V21104924","systemPort":8276},"capabilities":{"firstMatch":[{"adbExecTimeout":"600000","appium:appActivity":".Settings","appium:appPackage":"com.android.settings","appium:appWaitActivity":"*","appium:autoGrantPermissions":true,"appium:automationName":"uiautomator2","deviceId":"0L52223V21104924","appium:deviceName":"realme RMX3516 (Android 12)","appium:newCommandTimeout":1800,"platform":"ANDROID","platformName":"android","appium:platformVersion":"12","appium:systemPort":8276,"appium:udid":"0L52223V21104924"}]}}[39m
[35m[BaseDriver][39m The following capabilities are not standard capabilities and should have an extension prefix:
[35m[BaseDriver][39m   adbExecTimeout
[35m[BaseDriver][39m   deviceId
[35m[BaseDriver][39m   platform
[35m[BaseDriver][39m   chromedriverPort
[35m[Appium][39m Appium v1.22.3 creating new AndroidUiautomator2Driver (v1.70.1) session
[35m[BaseDriver][39m Number capability passed in as string. Functionality may be compromised.
[35m[BaseDriver][39m Capability 'adbExecTimeout' changed from string ('600000') to integer (600000). This may cause unexpected behavior
[35m[BaseDriver][39m The following capabilities were provided, but are not recognized by Appium:
[35m[BaseDriver][39m   deviceId
[35m[BaseDriver][39m   platform
[35m[BaseDriver][39m Session created with session id: aa621e48-9cd4-4b9a-a87f-9c81c0c253a4
[35m[UiAutomator2][39m Starting 'com.android.settings' directly on the device
[35m[ADB][39m Found 1 'build-tools' folders under 'F:\android-sdk-windows' (newest first):
[35m[ADB][39m     F:/android-sdk-windows/build-tools/android-13
[35m[ADB][39m Using 'adb.exe' from 'F:\android-sdk-windows\platform-tools\adb.exe'
[35m[AndroidDriver][39m Retrieving device list
[35m[AndroidDriver][39m Using device: 0L52223V21104924
[35m[ADB][39m Using 'adb.exe' from 'F:\android-sdk-windows\platform-tools\adb.exe'
[35m[ADB][39m Getting device platform version
[35m[UiAutomator2][39m Relaxing hidden api policy
[35m[AndroidDriver][39m No app sent in, not parsing package/activity
[35m[ADB][39m Using 'apksigner.jar' from 'F:\android-sdk-windows\build-tools\android-13\lib\apksigner.jar'
[35m[ADB][39m 'C:\Users\USER\AppData\Roaming\npm\node_modules\appium\node_modules\appium-uiautomator2-server\apks\appium-uiautomator2-server-v4.27.0.apk' is signed with the default certificate
[35m[ADB][39m 'C:\Users\USER\AppData\Roaming\npm\node_modules\appium\node_modules\appium-uiautomator2-server\apks\appium-uiautomator2-server-debug-androidTest.apk' is signed with the default certificate
[35m[UiAutomator2][39m Server packages are not going to be (re)installed
[35m[ADB][39m Adding packages ["io.appium.settings","io.appium.uiautomator2.server","io.appium.uiautomator2.server.test"] to Doze whitelist
[35m[UiAutomator2][39m Starting UIAutomator2 server 4.27.0
[35m[UiAutomator2][39m Using UIAutomator2 server from 'C:\Users\USER\AppData\Roaming\npm\node_modules\appium\node_modules\appium-uiautomator2-server\apks\appium-uiautomator2-server-v4.27.0.apk' and test from 'C:\Users\USER\AppData\Roaming\npm\node_modules\appium\node_modules\appium-uiautomator2-server\apks\appium-uiautomator2-server-debug-androidTest.apk'
[35m[UiAutomator2][39m Waiting up to 30000ms for UiAutomator2 to be online...
[35m[WD Proxy][39m socket hang up
[35m[WD Proxy][39m socket hang up
[35m[WD Proxy][39m socket hang up
[35m[WD Proxy][39m socket hang up
[35m[WD Proxy][39m socket hang up
[35m[WD Proxy][39m socket hang up
[35m[WD Proxy][39m socket hang up
[35m[WD Proxy][39m Determined the downstream protocol as 'W3C'
[35m[AndroidDriver][39m Screen already unlocked, doing nothing
[35m[UiAutomator2][39m Starting 'com.android.settings/.Settings and waiting for 'com.android.settings/*'
[35m[Appium][39m New AndroidUiautomator2Driver session created successfully, session aa621e48-9cd4-4b9a-a87f-9c81c0c253a4 added to master session list
[35m[HTTP][39m [37m<-- POST /wd/hub/session [39m[32m200[39m [90m22111 ms - 1325[39m
[35m[HTTP][39m [90m[39m
[35m[HTTP][39m [37m-->[39m [37mGET[39m [37m/wd/hub/session/aa621e48-9cd4-4b9a-a87f-9c81c0c253a4[39m
[35m[HTTP][39m [90m{}[39m
[35m[HTTP][39m [37m<-- GET /wd/hub/session/aa621e48-9cd4-4b9a-a87f-9c81c0c253a4 [39m[32m200[39m [90m19 ms - 1279[39m
[35m[HTTP][39m [90m[39m
[35m[HTTP][39m [37m-->[39m [37mGET[39m [37m/wd/hub/session/aa621e48-9cd4-4b9a-a87f-9c81c0c253a4[39m
[35m[HTTP][39m [90m{}[39m
[35m[HTTP][39m [37m<-- GET /wd/hub/session/aa621e48-9cd4-4b9a-a87f-9c81c0c253a4 [39m[32m200[39m [90m26 ms - 1279[39m
[35m[HTTP][39m [90m[39m
[35m[HTTP][39m [37m-->[39m [37mGET[39m [37m/wd/hub/status[39m
[35m[HTTP][39m [90m{}[39m
[35m[HTTP][39m [37m<-- GET /wd/hub/status [39m[32m200[39m [90m2 ms - 68[39m
[35m[HTTP][39m [90m[39m
[35m[HTTP][39m [37m-->[39m [37mPOST[39m [37m/wd/hub/session/aa621e48-9cd4-4b9a-a87f-9c81c0c253a4/timeouts[39m
[35m[HTTP][39m [90m{"implicit":60000}[39m
[35m[HTTP][39m [37m<-- POST /wd/hub/session/aa621e48-9cd4-4b9a-a87f-9c81c0c253a4/timeouts [39m[32m200[39m [90m8 ms - 14[39m
[35m[HTTP][39m [90m[39m
[35m[HTTP][39m [37m-->[39m [37mGET[39m [37m/wd/hub/session/aa621e48-9cd4-4b9a-a87f-9c81c0c253a4/screenshot[39m
[35m[HTTP][39m [90m{}[39m
[35m[HTTP][39m [37m<-- GET /wd/hub/session/aa621e48-9cd4-4b9a-a87f-9c81c0c253a4/screenshot [39m[32m200[39m [90m547 ms - 222712[39m
[35m[HTTP][39m [90m[39m
[35m[HTTP][39m [37m-->[39m [37mGET[39m [37m/wd/hub/session/aa621e48-9cd4-4b9a-a87f-9c81c0c253a4/window/rect[39m
[35m[HTTP][39m [90m{}[39m
[35m[HTTP][39m [37m<-- GET /wd/hub/session/aa621e48-9cd4-4b9a-a87f-9c81c0c253a4/window/rect [39m[32m200[39m [90m151 ms - 50[39m
[35m[HTTP][39m [90m[39m
[35m[HTTP][39m [37m-->[39m [37mGET[39m [37m/wd/hub/session/aa621e48-9cd4-4b9a-a87f-9c81c0c253a4/appium/device/system_bars[39m
[35m[HTTP][39m [90m{}[39m
[35m[HTTP][39m [37m<-- GET /wd/hub/session/aa621e48-9cd4-4b9a-a87f-9c81c0c253a4/appium/device/system_bars [39m[32m200[39m [90m248 ms - 145[39m
[35m[HTTP][39m [90m[39m
[35m[HTTP][39m [37m-->[39m [37mPOST[39m [37m/wd/hub/session/aa621e48-9cd4-4b9a-a87f-9c81c0c253a4/appium/device/activate_app[39m
[35m[HTTP][39m [90m{"bundleId":"com.ecwid.ShopAt.HappyDayShopping"}[39m
[35m[HTTP][39m [37m<-- POST /wd/hub/session/aa621e48-9cd4-4b9a-a87f-9c81c0c253a4/appium/device/activate_app [39m[32m200[39m [90m68951 ms - 14[39m
[35m[HTTP][39m [90m[39m
[35m[HTTP][39m [37m-->[39m [37mGET[39m [37m/wd/hub/session/aa621e48-9cd4-4b9a-a87f-9c81c0c253a4/source[39m
[35m[HTTP][39m [90m{}[39m
[35m[W3C (aa621e48)][39m Driver proxy active, passing request on via HTTP proxy
[35m[WD Proxy][39m Replacing sessionId 290b1eab-0260-407c-b55f-c281e8a53b0d with aa621e48-9cd4-4b9a-a87f-9c81c0c253a4
[35m[HTTP][39m [37m<-- GET /wd/hub/session/aa621e48-9cd4-4b9a-a87f-9c81c0c253a4/source [39m[32m200[39m [90m332 ms - 32573[39m
[35m[HTTP][39m [90m[39m
[35m[HTTP][39m [37m-->[39m [37mGET[39m [37m/wd/hub/session/aa621e48-9cd4-4b9a-a87f-9c81c0c253a4/screenshot[39m
[35m[HTTP][39m [90m{}[39m
[35m[HTTP][39m [37m<-- GET /wd/hub/session/aa621e48-9cd4-4b9a-a87f-9c81c0c253a4/screenshot [39m[32m200[39m [90m752 ms - 607190[39m
[35m[HTTP][39m [90m[39m
[35m[HTTP][39m [37m-->[39m [37mGET[39m [37m/wd/hub/session/aa621e48-9cd4-4b9a-a87f-9c81c0c253a4/source[39m
[35m[HTTP][39m [90m{}[39m
[35m[W3C (aa621e48)][39m Driver proxy active, passing request on via HTTP proxy
[35m[WD Proxy][39m Replacing sessionId 290b1eab-0260-407c-b55f-c281e8a53b0d with aa621e48-9cd4-4b9a-a87f-9c81c0c253a4
[35m[HTTP][39m [37m<-- GET /wd/hub/session/aa621e48-9cd4-4b9a-a87f-9c81c0c253a4/source [39m[32m200[39m [90m981 ms - 25812[39m
[35m[HTTP][39m [90m[39m
[35m[HTTP][39m [37m-->[39m [37mGET[39m [37m/wd/hub/session/aa621e48-9cd4-4b9a-a87f-9c81c0c253a4/screenshot[39m
[35m[HTTP][39m [90m{}[39m
[35m[HTTP][39m [37m<-- GET /wd/hub/session/aa621e48-9cd4-4b9a-a87f-9c81c0c253a4/screenshot [39m[32m200[39m [90m701 ms - 472910[39m
[35m[HTTP][39m [90m[39m
[35m[HTTP][39m [37m-->[39m [37mPOST[39m [37m/wd/hub/session/aa621e48-9cd4-4b9a-a87f-9c81c0c253a4/elements[39m
[35m[HTTP][39m [90m{"using":"xpath","value":"//*[@class = 'android.widget.ImageView' and (@text = '' or . = '')]"}[39m
[35m[HTTP][39m [37m<-- POST /wd/hub/session/aa621e48-9cd4-4b9a-a87f-9c81c0c253a4/elements [39m[32m200[39m [90m406 ms - 907[39m
[35m[HTTP][39m [90m[39m
[35m[HTTP][39m [37m-->[39m [37mPOST[39m [37m/wd/hub/session/aa621e48-9cd4-4b9a-a87f-9c81c0c253a4/elements[39m
[35m[HTTP][39m [90m{"using":"-android uiautomator","value":"new UiSelector().className(\"android.widget.ImageView\")"}[39m
[35m[HTTP][39m [37m<-- POST /wd/hub/session/aa621e48-9cd4-4b9a-a87f-9c81c0c253a4/elements [39m[32m200[39m [90m136 ms - 907[39m
[35m[HTTP][39m [90m[39m
[35m[HTTP][39m [37m-->[39m [37mDELETE[39m [37m/wd/hub/session/aa621e48-9cd4-4b9a-a87f-9c81c0c253a4[39m
[35m[HTTP][39m [90m{}[39m
[35m[Appium][39m Removing session aa621e48-9cd4-4b9a-a87f-9c81c0c253a4 from our master session list
[35m[UiAutomator2][39m Restoring hidden api policy to the device default configuration
[35m[HTTP][39m [37m<-- DELETE /wd/hub/session/aa621e48-9cd4-4b9a-a87f-9c81c0c253a4 [39m[32m200[39m [90m488 ms - 14[39m
[35m[HTTP][39m [90m[39m
